<?xml version="1.0" encoding="UTF-8"?>
<testsuite name="tests.PostRegisterParameterizedTest" tests="6" skipped="0" failures="0" errors="0" timestamp="2022-11-14T10:22:47" hostname="VLAD-IVANOV" time="12.72">
  <properties/>
  <testcase name="РџСЂРѕРІРµСЂРєР° С‚РѕРєРµРЅР° РґР»СЏ email &quot;sobaka@ya.ru&quot;" classname="tests.PostRegisterParameterizedTest" time="10.313"/>
  <testcase name="РџСЂРѕРІРµСЂРєР° С‚РѕРєРµРЅР° РґР»СЏ email &quot;123456&quot;" classname="tests.PostRegisterParameterizedTest" time="0.335"/>
  <testcase name="РџСЂРѕРІРµСЂРєР° С‚РѕРєРµРЅР° РґР»СЏ email &quot;sobaka@ya.ru&quot; Рё РїР°СЂРѕР»РµРј &quot;123456&quot;" classname="tests.PostRegisterParameterizedTest" time="0.666"/>
  <testcase name="РџСЂРѕРІРµСЂРєР° С‚РѕРєРµРЅР° РґР»СЏ email &quot;kot@gmail.com&quot; Рё РїР°СЂРѕР»РµРј &quot;654321&quot;" classname="tests.PostRegisterParameterizedTest" time="0.314"/>
  <testcase name="РџСЂРѕРІРµСЂРєР° С‚РѕРєРµРЅР° РґР»СЏ email &quot;[sobaka@ya.ru, kot@gmail.com]&quot; Рё РїР°СЂРѕР»РµРј &quot;{1}&quot;" classname="tests.PostRegisterParameterizedTest" time="0.333"/>
  <testcase name="РџСЂРѕРІРµСЂРєР° С‚РѕРєРµРЅР° РґР»СЏ email &quot;[123456, 654321]&quot; Рё РїР°СЂРѕР»РµРј &quot;{1}&quot;" classname="tests.PostRegisterParameterizedTest" time="0.432"/>
  <system-out><![CDATA[Request method:	POST
Request URI:	https://reqres.in/api/register
Proxy:			<none>
Request params:	<none>
Query params:	<none>
Form params:	<none>
Path params:	<none>
Headers:		Accept=*/*
				Content-Type=application/json
Cookies:		<none>
Multiparts:		<none>
Body:
{
    "email": "sobaka@ya.ru",
    "password": "ihsd8pwxmmm7lak"
}
HTTP/1.1 400 Bad Request
Date: Mon, 14 Nov 2022 10:22:45 GMT
Content-Type: application/json; charset=utf-8
Content-Length: 57
Connection: keep-alive
X-Powered-By: Express
Access-Control-Allow-Origin: *
Etag: W/"39-6jrJxn+7f+pQUhbPgNMst7tagpA"
Via: 1.1 vegur
CF-Cache-Status: DYNAMIC
Report-To: {"endpoints":[{"url":"https:\/\/a.nel.cloudflare.com\/report\/v3?s=Xx%2BS1MfpBGu2QjNDzul7WOXYEH6zyBHCTycn12wQYgc6HznyUssE0q%2FYmPItCafV%2FlHjg08%2FWem4JGTZ9xeRCYOlQXoknVyP%2BC9IOqaxqI%2BE5HNVJxTxdnCtuQ%3D%3D"}],"group":"cf-nel","max_age":604800}
NEL: {"success_fraction":0,"report_to":"cf-nel","max_age":604800}
Server: cloudflare
CF-RAY: 769f071b3d269d40-DME

{
    "error": "Note: Only defined users succeed registration"
}
Request method:	POST
Request URI:	https://reqres.in/api/register
Proxy:			<none>
Request params:	<none>
Query params:	<none>
Form params:	<none>
Path params:	<none>
Headers:		Accept=*/*
				Content-Type=application/json
Cookies:		<none>
Multiparts:		<none>
Body:
{
    "email": "123456",
    "password": "ayuo3lmze0"
}
HTTP/1.1 400 Bad Request
Date: Mon, 14 Nov 2022 10:22:48 GMT
Content-Type: application/json; charset=utf-8
Content-Length: 57
Connection: keep-alive
X-Powered-By: Express
Access-Control-Allow-Origin: *
Etag: W/"39-6jrJxn+7f+pQUhbPgNMst7tagpA"
Via: 1.1 vegur
CF-Cache-Status: DYNAMIC
Report-To: {"endpoints":[{"url":"https:\/\/a.nel.cloudflare.com\/report\/v3?s=DTa9ZSeYFpcgAjqzbGP2CzDdsU2PICFDMnSvmxf7kks7j16Tx00utfzyljcO0alCNM4%2Fh6t%2Bl7Dkruyr%2F8P8nYSS86TXbtTC2stzre1rfeq%2F%2FKmufBqtLxQeuA%3D%3D"}],"group":"cf-nel","max_age":604800}
NEL: {"success_fraction":0,"report_to":"cf-nel","max_age":604800}
Server: cloudflare
CF-RAY: 769f072d6c748e83-DME

{
    "error": "Note: Only defined users succeed registration"
}
Request method:	POST
Request URI:	https://reqres.in/api/register
Proxy:			<none>
Request params:	<none>
Query params:	<none>
Form params:	<none>
Path params:	<none>
Headers:		Accept=*/*
				Content-Type=application/json
Cookies:		<none>
Multiparts:		<none>
Body:
{
    "email": "sobaka@ya.ru",
    "password": "123456"
}
HTTP/1.1 400 Bad Request
Date: Mon, 14 Nov 2022 10:22:48 GMT
Content-Type: application/json; charset=utf-8
Content-Length: 57
Connection: keep-alive
X-Powered-By: Express
Access-Control-Allow-Origin: *
Etag: W/"39-6jrJxn+7f+pQUhbPgNMst7tagpA"
Via: 1.1 vegur
CF-Cache-Status: DYNAMIC
Report-To: {"endpoints":[{"url":"https:\/\/a.nel.cloudflare.com\/report\/v3?s=qFiBTtpElFgsyC6Iaap9TbTJWDWWMzbiLPiWVz3udE58spe3t3xxuW%2BqQhCfZSES2I6LODuRESDQ%2F7%2Bv20EUjoZ9e2VGLHwIopFgu%2Bn1tV5dvgheHAvLlPtP0A%3D%3D"}],"group":"cf-nel","max_age":604800}
NEL: {"success_fraction":0,"report_to":"cf-nel","max_age":604800}
Server: cloudflare
CF-RAY: 769f073318f39d4f-DME

{
    "error": "Note: Only defined users succeed registration"
}
Request method:	POST
Request URI:	https://reqres.in/api/register
Proxy:			<none>
Request params:	<none>
Query params:	<none>
Form params:	<none>
Path params:	<none>
Headers:		Accept=*/*
				Content-Type=application/json
Cookies:		<none>
Multiparts:		<none>
Body:
{
    "email": "kot@gmail.com",
    "password": "654321"
}
HTTP/1.1 400 Bad Request
Date: Mon, 14 Nov 2022 10:22:49 GMT
Content-Type: application/json; charset=utf-8
Content-Length: 57
Connection: keep-alive
X-Powered-By: Express
Access-Control-Allow-Origin: *
Etag: W/"39-6jrJxn+7f+pQUhbPgNMst7tagpA"
Via: 1.1 vegur
CF-Cache-Status: DYNAMIC
Report-To: {"endpoints":[{"url":"https:\/\/a.nel.cloudflare.com\/report\/v3?s=MiQxXv088LkTqOa0R5mNguBAPiFo6ojJfgv5vWikTEko0D1%2B0lWw6CrEFjkFKM8uPwJ%2Bvjhjpn84NI4AjdoRT4cW6RJnmSJwa96UTn7WD32j0hKs8SpSM5eQcw%3D%3D"}],"group":"cf-nel","max_age":604800}
NEL: {"success_fraction":0,"report_to":"cf-nel","max_age":604800}
Server: cloudflare
CF-RAY: 769f07351c2d005f-DME

{
    "error": "Note: Only defined users succeed registration"
}
Request method:	POST
Request URI:	https://reqres.in/api/register
Proxy:			<none>
Request params:	<none>
Query params:	<none>
Form params:	<none>
Path params:	<none>
Headers:		Accept=*/*
				Content-Type=application/json
Cookies:		<none>
Multiparts:		<none>
Body:
{
    "email": "[sobaka@ya.ru, kot@gmail.com]",
    "password": "[123456, 654321]"
}
HTTP/1.1 400 Bad Request
Date: Mon, 14 Nov 2022 10:22:49 GMT
Content-Type: application/json; charset=utf-8
Content-Length: 57
Connection: keep-alive
X-Powered-By: Express
Access-Control-Allow-Origin: *
Etag: W/"39-6jrJxn+7f+pQUhbPgNMst7tagpA"
Via: 1.1 vegur
CF-Cache-Status: DYNAMIC
Report-To: {"endpoints":[{"url":"https:\/\/a.nel.cloudflare.com\/report\/v3?s=NW7UFW9dIRX1bht6wmcFf8sduqx7150GqR9ZECcxWj%2Fii5Xtb6euhcFGnEMt4wIr9rkX7tiUFCwcOsuzmVpgTPjYPx3zNyX5HghSKNHX%2BYeBGMoYnroG00hwng%3D%3D"}],"group":"cf-nel","max_age":604800}
NEL: {"success_fraction":0,"report_to":"cf-nel","max_age":604800}
Server: cloudflare
CF-RAY: 769f07378abd9d76-DME

{
    "error": "Note: Only defined users succeed registration"
}
Request method:	POST
Request URI:	https://reqres.in/api/register
Proxy:			<none>
Request params:	<none>
Query params:	<none>
Form params:	<none>
Path params:	<none>
Headers:		Accept=*/*
				Content-Type=application/json
Cookies:		<none>
Multiparts:		<none>
Body:
{
    "email": "[sobaka@ya.ru, kot@gmail.com]",
    "password": "[123456, 654321]"
}
HTTP/1.1 400 Bad Request
Date: Mon, 14 Nov 2022 10:22:50 GMT
Content-Type: application/json; charset=utf-8
Content-Length: 57
Connection: keep-alive
X-Powered-By: Express
Access-Control-Allow-Origin: *
Etag: W/"39-6jrJxn+7f+pQUhbPgNMst7tagpA"
Via: 1.1 vegur
CF-Cache-Status: DYNAMIC
Report-To: {"endpoints":[{"url":"https:\/\/a.nel.cloudflare.com\/report\/v3?s=Ce9I4iMXG1%2BorXK3z7pMh%2FGJ%2BtYJReSPTHFEVAoafzfSjnk0E5nM7TUlw6euHRlY6FD%2Faj9rnsXrMwx1jTUfg3%2Bg2OSVKJAIU1zJl6ewofE7msSgXvIHdPaflA%3D%3D"}],"group":"cf-nel","max_age":604800}
NEL: {"success_fraction":0,"report_to":"cf-nel","max_age":604800}
Server: cloudflare
CF-RAY: 769f07396f9d1640-DME

{
    "error": "Note: Only defined users succeed registration"
}
]]></system-out>
  <system-err><![CDATA[]]></system-err>
</testsuite>
